Case #1: IMPOSSIBLE
Case #2: SEN
Case #3: NWS
Case #4: EE
Case #5: WWWWNNE
Case #6: SSWNNWSWWEN
Case #7: SWSWNNNSNE
Case #8: SWNENNEWNEEN
Case #9: WWESSESSWNEWNSNN
Case #10: EWWNESNWWESEESWNEWWEE
Case #11: SNSSEWSWWWWSWWENWNENNWSEWEE
Case #12: WWSENNSSEEWWNNNE
Case #13: WSNWESSWSSNWNEN
Case #14: EWWWENWWSNNWNWEEWNSNW
Case #15: WSEEWSWNNNWWNNNE
Case #16: NNENEENENSESEWSEN
Case #17: SSSWEWNSNEWENWEN
Case #18: ESSNNNNSWSNEWWNESWW
Case #19: WSWWWEESNSEEWSNSSNEE
Case #20: WEEWWWWWNENSNSEWNWEES
Case #21: IMPOSSIBLE
Case #22: SSW
Case #23: IMPOSSIBLE
Case #24: NSW
Case #25: IMPOSSIBLE
Case #26: SNW
Case #27: IMPOSSIBLE
Case #28: NNW
Case #29: IMPOSSIBLE
Case #30: WWS
Case #31: IMPOSSIBLE
Case #32: ESW
Case #33: IMPOSSIBLE
Case #34: WW
Case #35: IMPOSSIBLE
Case #36: ENW
Case #37: IMPOSSIBLE
Case #38: WWN
Case #39: IMPOSSIBLE
Case #40: NWS
Case #41: IMPOSSIBLE
Case #42: SW
Case #43: IMPOSSIBLE
Case #44: NW
Case #45: IMPOSSIBLE
Case #46: SWN
Case #47: IMPOSSIBLE
Case #48: EWS
Case #49: IMPOSSIBLE
Case #50: WS
Case #51: IMPOSSIBLE
Case #52: W
Case #53: IMPOSSIBLE
Case #54: WN
Case #55: IMPOSSIBLE
Case #56: EWN
Case #57: IMPOSSIBLE
Case #58: SS
Case #59: IMPOSSIBLE
Case #60: S
Case #61: IMPOSSIBLE
Case #62: N
Case #63: IMPOSSIBLE
Case #64: NN
Case #65: IMPOSSIBLE
Case #66: WES
Case #67: IMPOSSIBLE
Case #68: ES
Case #69: IMPOSSIBLE
Case #70: E
Case #71: IMPOSSIBLE
Case #72: EN
Case #73: IMPOSSIBLE
Case #74: WEN
Case #75: IMPOSSIBLE
Case #76: NES
Case #77: IMPOSSIBLE
Case #78: SE
Case #79: IMPOSSIBLE
Case #80: NE
Case #81: IMPOSSIBLE
Case #82: SEN
Case #83: IMPOSSIBLE
Case #84: EES
Case #85: IMPOSSIBLE
Case #86: WSE
Case #87: IMPOSSIBLE
Case #88: EE
Case #89: IMPOSSIBLE
Case #90: WNE
Case #91: IMPOSSIBLE
Case #92: EEN
Case #93: IMPOSSIBLE
Case #94: SSE
Case #95: IMPOSSIBLE
Case #96: NSE
Case #97: IMPOSSIBLE
Case #98: SNE
Case #99: IMPOSSIBLE
Case #100: NNE
Case #101: IMPOSSIBLE
